<?xml version="1.0" encoding="UTF-8"?>
<testsuite xmlns:xsi="http://www.w3.org/2001/XMLSchema-instance" xsi:noNamespaceSchemaLocation="https://maven.apache.org/surefire/maven-surefire-plugin/xsd/surefire-test-report.xsd" version="3.0.2" name="runners.TestRunner" time="13.883" tests="2" errors="0" skipped="0" failures="0">
  <properties>
[...]
</properties>
  <testcase name="runScenario[&quot;Book appointment using Medicare&quot;, &quot;Appointment Booking&quot;](1)" classname="runners.TestRunner" time="7.916">
    <system-out><![CDATA[
@smoke
Scenario: Book appointment using Medicare       # src/test/resources/features/appointment.feature:11
  Given User launches CURA website              # steps.LoginSteps.launchWebsite()
  When User clicks Make Appointment             # steps.LoginSteps.clickAppointment()
  And User enters valid username and password   # steps.LoginSteps.enterCredentials()
  And User clicks Login button                  # steps.LoginSteps.clickLoginButton()
  And User selects Tokyo CURA Healthcare Center # steps.AppointmentSteps.selectFacility()
  And User selects Medicare program             # steps.AppointmentSteps.selectMedicare()
  And User enters visit date                    # steps.AppointmentSteps.enterVisitDate()
  And User enters appointment comment           # steps.AppointmentSteps.enterComment()
  And User books the appointment                # steps.AppointmentSteps.bookAppointment()
Appointment booking validated successfully
  Then Appointment should be confirmed          # steps.AppointmentSteps.verifyAppointment()
Browser left open for debugging
]]></system-out>
    <system-err><![CDATA[SLF4J: Failed to load class "org.slf4j.impl.StaticLoggerBinder".
SLF4J: Defaulting to no-operation (NOP) logger implementation
SLF4J: See http://www.slf4j.org/codes.html#StaticLoggerBinder for further details.
May 30, 2026 1:23:31 AM org.openqa.selenium.devtools.CdpVersionFinder findNearestMatch
WARNING: Unable to find CDP implementation matching 148
May 30, 2026 1:23:31 AM org.openqa.selenium.chromium.ChromiumDriver lambda$new$5
WARNING: Unable to find version of CDP to use for 148.0.7778.181. You may need to include a dependency on a specific version of the CDP using something similar to `org.seleniumhq.selenium:selenium-devtools-v86:4.21.0` where the version ("v86") matches the version of the chromium-based browser you're using and the version number of the artifact is the same as Selenium's.
May 30, 2026 1:23:31 AM org.openqa.selenium.devtools.CdpVersionFinder findNearestMatch
WARNING: Unable to find CDP implementation matching 148
May 30, 2026 1:23:31 AM org.openqa.selenium.chromium.ChromiumDriver lambda$new$5
WARNING: Unable to find version of CDP to use for 148.0.7778.181. You may need to include a dependency on a specific version of the CDP using something similar to `org.seleniumhq.selenium:selenium-devtools-v86:4.21.0` where the version ("v86") matches the version of the chromium-based browser you're using and the version number of the artifact is the same as Selenium's.
]]></system-err>
  </testcase>
  <testcase name="runScenario[&quot;Successful Login&quot;, &quot;Login Functionality&quot;](2)" classname="runners.TestRunner" time="5.582">
    <system-out><![CDATA[
@smoke
Scenario: Successful Login                    # src/test/resources/features/login.feature:4
  Given User launches CURA website            # steps.LoginSteps.launchWebsite()
  When User clicks Make Appointment           # steps.LoginSteps.clickAppointment()
  And User enters valid username and password # steps.LoginSteps.enterCredentials()
  And User clicks Login button                # steps.LoginSteps.clickLoginButton()
Browser left open for debugging
]]></system-out>
    <system-err><![CDATA[May 30, 2026 1:23:37 AM org.openqa.selenium.devtools.CdpVersionFinder findNearestMatch
WARNING: Unable to find CDP implementation matching 148
May 30, 2026 1:23:37 AM org.openqa.selenium.chromium.ChromiumDriver lambda$new$5
WARNING: Unable to find version of CDP to use for 148.0.7778.181. You may need to include a dependency on a specific version of the CDP using something similar to `org.seleniumhq.selenium:selenium-devtools-v86:4.21.0` where the version ("v86") matches the version of the chromium-based browser you're using and the version number of the artifact is the same as Selenium's.
May 30, 2026 1:23:38 AM org.openqa.selenium.devtools.CdpVersionFinder findNearestMatch
WARNING: Unable to find CDP implementation matching 148
May 30, 2026 1:23:38 AM org.openqa.selenium.chromium.ChromiumDriver lambda$new$5
WARNING: Unable to find version of CDP to use for 148.0.7778.181. You may need to include a dependency on a specific version of the CDP using something similar to `org.seleniumhq.selenium:selenium-devtools-v86:4.21.0` where the version ("v86") matches the version of the chromium-based browser you're using and the version number of the artifact is the same as Selenium's.
]]></system-err>
  </testcase>
</testsuite>